# JRE version: Java(TM) SE Runtime Environment (8.0_111-b14) (build 1.8.0_111-b14)
# Java VM: Java HotSpot(TM) 64-Bit Server VM (25.111-b14 mixed mode windows-amd64 compressed oops)
Heap:
 PSYoungGen      total 333824K, used 159234K [0x00000000e0000000, 0x00000000f6480000, 0x0000000100000000)
  eden space 302592K, 42% used [0x00000000e0000000,0x00000000e7d029b8,0x00000000f2780000)
  from space 31232K, 99% used [0x00000000f2780000,0x00000000f45fe068,0x00000000f4600000)
  to   space 24064K, 0% used [0x00000000f4d00000,0x00000000f4d00000,0x00000000f6480000)
 ParOldGen       total 225792K, used 163216K [0x00000000a0000000, 0x00000000adc80000, 0x00000000e0000000)
  object space 225792K, 72% used [0x00000000a0000000,0x00000000a9f64028,0x00000000adc80000)
 Metaspace       used 108223K, capacity 111084K, committed 111308K, reserved 1146880K
  class space    used 13863K, capacity 14477K, committed 14592K, reserved 1048576K
GC Heap History (10 events):
Event: 46.483 GC heap before
{Heap before GC invocations=17 (full 3):
 PSYoungGen      total 243712K, used 239782K [0x00000000e0000000, 0x00000000f2e00000, 0x0000000100000000)
  eden space 212480K, 100% used [0x00000000e0000000,0x00000000ecf80000,0x00000000ecf80000)
  from space 31232K, 87% used [0x00000000ecf80000,0x00000000eea29850,0x00000000eee00000)
  to   space 34816K, 0% used [0x00000000f0c00000,0x00000000f0c00000,0x00000000f2e00000)
 ParOldGen       total 156160K, used 67641K [0x00000000a0000000, 0x00000000a9880000, 0x00000000e0000000)
  object space 156160K, 43% used [0x00000000a0000000,0x00000000a420e688,0x00000000a9880000)
 Metaspace       used 94588K, capacity 97446K, committed 97664K, reserved 1134592K
  class space    used 12465K, capacity 13098K, committed 13184K, reserved 1048576K
Event: 46.513 GC heap after
Heap after GC invocations=17 (full 3):
 PSYoungGen      total 274944K, used 19749K [0x00000000e0000000, 0x00000000f2e00000, 0x0000000100000000)
  eden space 240128K, 0% used [0x00000000e0000000,0x00000000e0000000,0x00000000eea80000)
  from space 34816K, 56% used [0x00000000f0c00000,0x00000000f1f49648,0x00000000f2e00000)
  to   space 34304K, 0% used [0x00000000eea80000,0x00000000eea80000,0x00000000f0c00000)
 ParOldGen       total 156160K, used 67649K [0x00000000a0000000, 0x00000000a9880000, 0x00000000e0000000)
  object space 156160K, 43% used [0x00000000a0000000,0x00000000a4210688,0x00000000a9880000)
 Metaspace       used 94588K, capacity 97446K, committed 97664K, reserved 1134592K
  class space    used 12465K, capacity 13098K, committed 13184K, reserved 1048576K
}
Event: 46.975 GC heap before
{Heap before GC invocations=18 (full 3):
 PSYoungGen      total 274944K, used 30000K [0x00000000e0000000, 0x00000000f2e00000, 0x0000000100000000)
  eden space 240128K, 4% used [0x00000000e0000000,0x00000000e0a029e0,0x00000000eea80000)
  from space 34816K, 56% used [0x00000000f0c00000,0x00000000f1f49648,0x00000000f2e00000)
  to   space 34304K, 0% used [0x00000000eea80000,0x00000000eea80000,0x00000000f0c00000)
 ParOldGen       total 156160K, used 67649K [0x00000000a0000000, 0x00000000a9880000, 0x00000000e0000000)
  object space 156160K, 43% used [0x00000000a0000000,0x00000000a4210688,0x00000000a9880000)
 Metaspace       used 95509K, capacity 98360K, committed 98380K, reserved 1134592K
  class space    used 12532K, capacity 13165K, committed 13184K, reserved 1048576K
Event: 47.023 GC heap after
Heap after GC invocations=18 (full 3):
 PSYoungGen      total 274432K, used 14540K [0x00000000e0000000, 0x00000000f6d00000, 0x0000000100000000)
  eden space 240128K, 0% used [0x00000000e0000000,0x00000000e0000000,0x00000000eea80000)
  from space 34304K, 42% used [0x00000000eea80000,0x00000000ef8b3180,0x00000000f0c00000)
  to   space 32768K, 0% used [0x00000000f4d00000,0x00000000f4d00000,0x00000000f6d00000)
 ParOldGen       total 156160K, used 67657K [0x00000000a0000000, 0x00000000a9880000, 0x00000000e0000000)
  object space 156160K, 43% used [0x00000000a0000000,0x00000000a4212688,0x00000000a9880000)
 Metaspace       used 95509K, capacity 98360K, committed 98380K, reserved 1134592K
  class space    used 12532K, capacity 13165K, committed 13184K, reserved 1048576K
}
Event: 47.023 GC heap before
{Heap before GC invocations=19 (full 4):
 PSYoungGen      total 274432K, used 14540K [0x00000000e0000000, 0x00000000f6d00000, 0x0000000100000000)
  eden space 240128K, 0% used [0x00000000e0000000,0x00000000e0000000,0x00000000eea80000)
  from space 34304K, 42% used [0x00000000eea80000,0x00000000ef8b3180,0x00000000f0c00000)
  to   space 32768K, 0% used [0x00000000f4d00000,0x00000000f4d00000,0x00000000f6d00000)
 ParOldGen       total 156160K, used 67657K [0x00000000a0000000, 0x00000000a9880000, 0x00000000e0000000)
  object space 156160K, 43% used [0x00000000a0000000,0x00000000a4212688,0x00000000a9880000)
 Metaspace       used 95509K, capacity 98360K, committed 98380K, reserved 1134592K
  class space    used 12532K, capacity 13165K, committed 13184K, reserved 1048576K
Event: 47.616 GC heap after
Heap after GC invocations=19 (full 4):
 PSYoungGen      total 274432K, used 0K [0x00000000e0000000, 0x00000000f6d00000, 0x0000000100000000)
  eden space 240128K, 0% used [0x00000000e0000000,0x00000000e0000000,0x00000000eea80000)
  from space 34304K, 0% used [0x00000000eea80000,0x00000000eea80000,0x00000000f0c00000)
  to   space 32768K, 0% used [0x00000000f4d00000,0x00000000f4d00000,0x00000000f6d00000)
 ParOldGen       total 225792K, used 66109K [0x00000000a0000000, 0x00000000adc80000, 0x00000000e0000000)
  object space 225792K, 29% used [0x00000000a0000000,0x00000000a408f7a0,0x00000000adc80000)
 Metaspace       used 95383K, capacity 98006K, committed 98380K, reserved 1134592K
  class space    used 12491K, capacity 13094K, committed 13184K, reserved 1048576K
}
Event: 273.156 GC heap before
{Heap before GC invocations=20 (full 4):
 PSYoungGen      total 274432K, used 240128K [0x00000000e0000000, 0x00000000f6d00000, 0x0000000100000000)
  eden space 240128K, 100% used [0x00000000e0000000,0x00000000eea80000,0x00000000eea80000)
  from space 34304K, 0% used [0x00000000eea80000,0x00000000eea80000,0x00000000f0c00000)
  to   space 32768K, 0% used [0x00000000f4d00000,0x00000000f4d00000,0x00000000f6d00000)
 ParOldGen       total 225792K, used 66109K [0x00000000a0000000, 0x00000000adc80000, 0x00000000e0000000)
  object space 225792K, 29% used [0x00000000a0000000,0x00000000a408f7a0,0x00000000adc80000)
 Metaspace       used 96627K, capacity 99418K, committed 99788K, reserved 1136640K
  class space    used 12550K, capacity 13156K, committed 13312K, reserved 1048576K
Event: 273.185 GC heap after
Heap after GC invocations=20 (full 4):
 PSYoungGen      total 326656K, used 14584K [0x00000000e0000000, 0x00000000f6480000, 0x0000000100000000)
  eden space 302592K, 0% used [0x00000000e0000000,0x00000000e0000000,0x00000000f2780000)
  from space 24064K, 60% used [0x00000000f4d00000,0x00000000f5b3e2c0,0x00000000f6480000)
  to   space 31232K, 0% used [0x00000000f2780000,0x00000000f2780000,0x00000000f4600000)
 ParOldGen       total 225792K, used 66117K [0x00000000a0000000, 0x00000000adc80000, 0x00000000e0000000)
  object space 225792K, 29% used [0x00000000a0000000,0x00000000a40917a0,0x00000000adc80000)
 Metaspace       used 96627K, capacity 99418K, committed 99788K, reserved 1136640K
  class space    used 12550K, capacity 13156K, committed 13312K, reserved 1048576K
}
Event: 276.237 GC heap before
{Heap before GC invocations=21 (full 4):
 PSYoungGen      total 326656K, used 317176K [0x00000000e0000000, 0x00000000f6480000, 0x0000000100000000)
  eden space 302592K, 100% used [0x00000000e0000000,0x00000000f2780000,0x00000000f2780000)
  from space 24064K, 60% used [0x00000000f4d00000,0x00000000f5b3e2c0,0x00000000f6480000)
  to   space 31232K, 0% used [0x00000000f2780000,0x00000000f2780000,0x00000000f4600000)
 ParOldGen       total 225792K, used 66117K [0x00000000a0000000, 0x00000000adc80000, 0x00000000e0000000)
  object space 225792K, 29% used [0x00000000a0000000,0x00000000a40917a0,0x00000000adc80000)
 Metaspace       used 107829K, capacity 110722K, committed 111052K, reserved 1146880K
  class space    used 13844K, capacity 14460K, committed 14592K, reserved 1048576K
Event: 276.362 GC heap after
Heap after GC invocations=21 (full 4):
 PSYoungGen      total 333824K, used 31224K [0x00000000e0000000, 0x00000000f6480000, 0x0000000100000000)
  eden space 302592K, 0% used [0x00000000e0000000,0x00000000e0000000,0x00000000f2780000)
  from space 31232K, 99% used [0x00000000f2780000,0x00000000f45fe068,0x00000000f4600000)
  to   space 24064K, 0% used [0x00000000f4d00000,0x00000000f4d00000,0x00000000f6480000)
 ParOldGen       total 225792K, used 163216K [0x00000000a0000000, 0x00000000adc80000, 0x00000000e0000000)
  object space 225792K, 72% used [0x00000000a0000000,0x00000000a9f64028,0x00000000adc80000)
 Metaspace       used 107829K, capacity 110722K, committed 111052K, reserved 1146880K
  class space    used 13844K, capacity 14460K, committed 14592K, reserved 1048576K
}

